CRITICAL - 2024-05-01 02:30:58 --> Required parameter $from follows optional parameter $verbs
#0 C:\xampp\htdocs\myweddingv2\system\Autoloader\Autoloader.php(365): CodeIgniter\Debug\Exceptions->errorHandler(8192, 'Required parame...', 'C:\\xampp\\htdocs...', 1018)
#1 C:\xampp\htdocs\myweddingv2\system\Autoloader\Autoloader.php(365): require_once()
#2 C:\xampp\htdocs\myweddingv2\system\Autoloader\Autoloader.php(296): CodeIgniter\Autoloader\Autoloader->requireFile('C:\\xampp\\htdocs...')
#3 C:\xampp\htdocs\myweddingv2\system\Autoloader\Autoloader.php(258): CodeIgniter\Autoloader\Autoloader->loadInNamespace('CodeIgniter\\Rou...')
#4 C:\xampp\htdocs\myweddingv2\system\Config\Services.php(684): CodeIgniter\Autoloader\Autoloader->loadClass('CodeIgniter\\Rou...')
#5 C:\xampp\htdocs\myweddingv2\system\Config\BaseService.php(123): CodeIgniter\Config\Services::routes(false)
#6 C:\xampp\htdocs\myweddingv2\system\Config\Services.php(681): CodeIgniter\Config\BaseService::getSharedInstance('routes')
#7 C:\xampp\htdocs\myweddingv2\app\Config\Routes.php(4): CodeIgniter\Config\Services::routes(true)
#8 C:\xampp\htdocs\myweddingv2\system\CodeIgniter.php(772): require('C:\\xampp\\htdocs...')
#9 C:\xampp\htdocs\myweddingv2\system\CodeIgniter.php(358): CodeIgniter\CodeIgniter->tryToRouteIt(NULL)
#10 C:\xampp\htdocs\myweddingv2\system\CodeIgniter.php(306): CodeIgniter\CodeIgniter->handleRequest(NULL, Object(Config\Cache), false)
#11 C:\xampp\htdocs\myweddingv2\system\CLI\Console.php(86): CodeIgniter\CodeIgniter->run()
#12 C:\xampp\htdocs\myweddingv2\spark(57): CodeIgniter\CLI\Console->run()
#13 {main}
CRITICAL - 2024-05-01 02:32:01 --> Required parameter $from follows optional parameter $verbs
#0 C:\xampp\htdocs\myweddingv2\system\Autoloader\Autoloader.php(365): CodeIgniter\Debug\Exceptions->errorHandler(8192, 'Required parame...', 'C:\\xampp\\htdocs...', 1018)
#1 C:\xampp\htdocs\myweddingv2\system\Autoloader\Autoloader.php(365): require_once()
#2 C:\xampp\htdocs\myweddingv2\system\Autoloader\Autoloader.php(296): CodeIgniter\Autoloader\Autoloader->requireFile('C:\\xampp\\htdocs...')
#3 C:\xampp\htdocs\myweddingv2\system\Autoloader\Autoloader.php(258): CodeIgniter\Autoloader\Autoloader->loadInNamespace('CodeIgniter\\Rou...')
#4 C:\xampp\htdocs\myweddingv2\system\Config\Services.php(684): CodeIgniter\Autoloader\Autoloader->loadClass('CodeIgniter\\Rou...')
#5 C:\xampp\htdocs\myweddingv2\system\Config\BaseService.php(123): CodeIgniter\Config\Services::routes(false)
#6 C:\xampp\htdocs\myweddingv2\system\Config\Services.php(681): CodeIgniter\Config\BaseService::getSharedInstance('routes')
#7 C:\xampp\htdocs\myweddingv2\app\Config\Routes.php(4): CodeIgniter\Config\Services::routes(true)
#8 C:\xampp\htdocs\myweddingv2\system\CodeIgniter.php(772): require('C:\\xampp\\htdocs...')
#9 C:\xampp\htdocs\myweddingv2\system\CodeIgniter.php(358): CodeIgniter\CodeIgniter->tryToRouteIt(NULL)
#10 C:\xampp\htdocs\myweddingv2\system\CodeIgniter.php(306): CodeIgniter\CodeIgniter->handleRequest(NULL, Object(Config\Cache), false)
#11 C:\xampp\htdocs\myweddingv2\system\CLI\Console.php(86): CodeIgniter\CodeIgniter->run()
#12 C:\xampp\htdocs\myweddingv2\spark(57): CodeIgniter\CLI\Console->run()
#13 {main}
CRITICAL - 2024-05-01 02:32:36 --> Required parameter $from follows optional parameter $verbs
#0 C:\xampp\htdocs\myweddingv2\system\Autoloader\Autoloader.php(365): CodeIgniter\Debug\Exceptions->errorHandler(8192, 'Required parame...', 'C:\\xampp\\htdocs...', 1018)
#1 C:\xampp\htdocs\myweddingv2\system\Autoloader\Autoloader.php(365): require_once()
#2 C:\xampp\htdocs\myweddingv2\system\Autoloader\Autoloader.php(296): CodeIgniter\Autoloader\Autoloader->requireFile('C:\\xampp\\htdocs...')
#3 C:\xampp\htdocs\myweddingv2\system\Autoloader\Autoloader.php(258): CodeIgniter\Autoloader\Autoloader->loadInNamespace('CodeIgniter\\Rou...')
#4 C:\xampp\htdocs\myweddingv2\system\Config\Services.php(684): CodeIgniter\Autoloader\Autoloader->loadClass('CodeIgniter\\Rou...')
#5 C:\xampp\htdocs\myweddingv2\system\Config\BaseService.php(123): CodeIgniter\Config\Services::routes(false)
#6 C:\xampp\htdocs\myweddingv2\system\Config\Services.php(681): CodeIgniter\Config\BaseService::getSharedInstance('routes')
#7 C:\xampp\htdocs\myweddingv2\app\Config\Routes.php(4): CodeIgniter\Config\Services::routes(true)
#8 C:\xampp\htdocs\myweddingv2\system\CodeIgniter.php(772): require('C:\\xampp\\htdocs...')
#9 C:\xampp\htdocs\myweddingv2\system\CodeIgniter.php(358): CodeIgniter\CodeIgniter->tryToRouteIt(NULL)
#10 C:\xampp\htdocs\myweddingv2\system\CodeIgniter.php(306): CodeIgniter\CodeIgniter->handleRequest(NULL, Object(Config\Cache), false)
#11 C:\xampp\htdocs\myweddingv2\system\CLI\Console.php(86): CodeIgniter\CodeIgniter->run()
#12 C:\xampp\htdocs\myweddingv2\spark(57): CodeIgniter\CLI\Console->run()
#13 {main}
CRITICAL - 2024-05-01 02:36:56 --> Required parameter $from follows optional parameter $verbs
#0 C:\xampp\htdocs\myweddingv2\system\Autoloader\Autoloader.php(365): CodeIgniter\Debug\Exceptions->errorHandler(8192, 'Required parame...', 'C:\\xampp\\htdocs...', 1018)
#1 C:\xampp\htdocs\myweddingv2\system\Autoloader\Autoloader.php(365): require_once()
#2 C:\xampp\htdocs\myweddingv2\system\Autoloader\Autoloader.php(296): CodeIgniter\Autoloader\Autoloader->requireFile('C:\\xampp\\htdocs...')
#3 C:\xampp\htdocs\myweddingv2\system\Autoloader\Autoloader.php(258): CodeIgniter\Autoloader\Autoloader->loadInNamespace('CodeIgniter\\Rou...')
#4 C:\xampp\htdocs\myweddingv2\system\Config\Services.php(684): CodeIgniter\Autoloader\Autoloader->loadClass('CodeIgniter\\Rou...')
#5 C:\xampp\htdocs\myweddingv2\system\Config\BaseService.php(123): CodeIgniter\Config\Services::routes(false)
#6 C:\xampp\htdocs\myweddingv2\system\Config\Services.php(681): CodeIgniter\Config\BaseService::getSharedInstance('routes')
#7 C:\xampp\htdocs\myweddingv2\app\Config\Routes.php(4): CodeIgniter\Config\Services::routes(true)
#8 C:\xampp\htdocs\myweddingv2\system\CodeIgniter.php(772): require('C:\\xampp\\htdocs...')
#9 C:\xampp\htdocs\myweddingv2\system\CodeIgniter.php(358): CodeIgniter\CodeIgniter->tryToRouteIt(NULL)
#10 C:\xampp\htdocs\myweddingv2\system\CodeIgniter.php(306): CodeIgniter\CodeIgniter->handleRequest(NULL, Object(Config\Cache), false)
#11 C:\xampp\htdocs\myweddingv2\system\CLI\Console.php(86): CodeIgniter\CodeIgniter->run()
#12 C:\xampp\htdocs\myweddingv2\spark(57): CodeIgniter\CLI\Console->run()
#13 {main}
CRITICAL - 2024-05-01 02:39:07 --> Required parameter $from follows optional parameter $verbs
#0 C:\xampp\htdocs\myweddingv2\system\Autoloader\Autoloader.php(365): CodeIgniter\Debug\Exceptions->errorHandler(8192, 'Required parame...', 'C:\\xampp\\htdocs...', 1018)
#1 C:\xampp\htdocs\myweddingv2\system\Autoloader\Autoloader.php(365): require_once()
#2 C:\xampp\htdocs\myweddingv2\system\Autoloader\Autoloader.php(296): CodeIgniter\Autoloader\Autoloader->requireFile('C:\\xampp\\htdocs...')
#3 C:\xampp\htdocs\myweddingv2\system\Autoloader\Autoloader.php(258): CodeIgniter\Autoloader\Autoloader->loadInNamespace('CodeIgniter\\Rou...')
#4 C:\xampp\htdocs\myweddingv2\system\Config\Services.php(684): CodeIgniter\Autoloader\Autoloader->loadClass('CodeIgniter\\Rou...')
#5 C:\xampp\htdocs\myweddingv2\system\Config\BaseService.php(123): CodeIgniter\Config\Services::routes(false)
#6 C:\xampp\htdocs\myweddingv2\system\Config\Services.php(681): CodeIgniter\Config\BaseService::getSharedInstance('routes')
#7 C:\xampp\htdocs\myweddingv2\app\Config\Routes.php(4): CodeIgniter\Config\Services::routes(true)
#8 C:\xampp\htdocs\myweddingv2\system\CodeIgniter.php(772): require('C:\\xampp\\htdocs...')
#9 C:\xampp\htdocs\myweddingv2\system\CodeIgniter.php(358): CodeIgniter\CodeIgniter->tryToRouteIt(NULL)
#10 C:\xampp\htdocs\myweddingv2\system\CodeIgniter.php(306): CodeIgniter\CodeIgniter->handleRequest(NULL, Object(Config\Cache), false)
#11 C:\xampp\htdocs\myweddingv2\system\CLI\Console.php(86): CodeIgniter\CodeIgniter->run()
#12 C:\xampp\htdocs\myweddingv2\spark(57): CodeIgniter\CLI\Console->run()
#13 {main}
CRITICAL - 2024-05-01 02:40:50 --> Required parameter $from follows optional parameter $verbs
#0 C:\xampp\htdocs\myweddingv2\system\Autoloader\Autoloader.php(365): CodeIgniter\Debug\Exceptions->errorHandler(8192, 'Required parame...', 'C:\\xampp\\htdocs...', 1018)
#1 C:\xampp\htdocs\myweddingv2\system\Autoloader\Autoloader.php(365): require_once()
#2 C:\xampp\htdocs\myweddingv2\system\Autoloader\Autoloader.php(296): CodeIgniter\Autoloader\Autoloader->requireFile('C:\\xampp\\htdocs...')
#3 C:\xampp\htdocs\myweddingv2\system\Autoloader\Autoloader.php(258): CodeIgniter\Autoloader\Autoloader->loadInNamespace('CodeIgniter\\Rou...')
#4 C:\xampp\htdocs\myweddingv2\system\Config\Services.php(684): CodeIgniter\Autoloader\Autoloader->loadClass('CodeIgniter\\Rou...')
#5 C:\xampp\htdocs\myweddingv2\system\Config\BaseService.php(123): CodeIgniter\Config\Services::routes(false)
#6 C:\xampp\htdocs\myweddingv2\system\Config\Services.php(681): CodeIgniter\Config\BaseService::getSharedInstance('routes')
#7 C:\xampp\htdocs\myweddingv2\app\Config\Routes.php(4): CodeIgniter\Config\Services::routes(true)
#8 C:\xampp\htdocs\myweddingv2\system\CodeIgniter.php(772): require('C:\\xampp\\htdocs...')
#9 C:\xampp\htdocs\myweddingv2\system\CodeIgniter.php(358): CodeIgniter\CodeIgniter->tryToRouteIt(NULL)
#10 C:\xampp\htdocs\myweddingv2\system\CodeIgniter.php(306): CodeIgniter\CodeIgniter->handleRequest(NULL, Object(Config\Cache), false)
#11 C:\xampp\htdocs\myweddingv2\system\CLI\Console.php(86): CodeIgniter\CodeIgniter->run()
#12 C:\xampp\htdocs\myweddingv2\spark(57): CodeIgniter\CLI\Console->run()
#13 {main}
CRITICAL - 2024-05-01 02:45:12 --> Required parameter $from follows optional parameter $verbs
#0 C:\xampp\htdocs\myweddingv2\system\Autoloader\Autoloader.php(365): CodeIgniter\Debug\Exceptions->errorHandler(8192, 'Required parame...', 'C:\\xampp\\htdocs...', 1018)
#1 C:\xampp\htdocs\myweddingv2\system\Autoloader\Autoloader.php(365): require_once()
#2 C:\xampp\htdocs\myweddingv2\system\Autoloader\Autoloader.php(296): CodeIgniter\Autoloader\Autoloader->requireFile('C:\\xampp\\htdocs...')
#3 C:\xampp\htdocs\myweddingv2\system\Autoloader\Autoloader.php(258): CodeIgniter\Autoloader\Autoloader->loadInNamespace('CodeIgniter\\Rou...')
#4 C:\xampp\htdocs\myweddingv2\system\Config\Services.php(684): CodeIgniter\Autoloader\Autoloader->loadClass('CodeIgniter\\Rou...')
#5 C:\xampp\htdocs\myweddingv2\system\Config\BaseService.php(123): CodeIgniter\Config\Services::routes(false)
#6 C:\xampp\htdocs\myweddingv2\system\Config\Services.php(681): CodeIgniter\Config\BaseService::getSharedInstance('routes')
#7 C:\xampp\htdocs\myweddingv2\app\Config\Routes.php(4): CodeIgniter\Config\Services::routes(true)
#8 C:\xampp\htdocs\myweddingv2\system\CodeIgniter.php(772): require('C:\\xampp\\htdocs...')
#9 C:\xampp\htdocs\myweddingv2\system\CodeIgniter.php(358): CodeIgniter\CodeIgniter->tryToRouteIt(NULL)
#10 C:\xampp\htdocs\myweddingv2\system\CodeIgniter.php(306): CodeIgniter\CodeIgniter->handleRequest(NULL, Object(Config\Cache), false)
#11 C:\xampp\htdocs\myweddingv2\system\CLI\Console.php(86): CodeIgniter\CodeIgniter->run()
#12 C:\xampp\htdocs\myweddingv2\spark(57): CodeIgniter\CLI\Console->run()
#13 {main}
CRITICAL - 2024-05-01 02:48:25 --> Required parameter $from follows optional parameter $verbs
#0 C:\xampp\htdocs\myweddingv2\system\Autoloader\Autoloader.php(365): CodeIgniter\Debug\Exceptions->errorHandler(8192, 'Required parame...', 'C:\\xampp\\htdocs...', 1018)
#1 C:\xampp\htdocs\myweddingv2\system\Autoloader\Autoloader.php(365): require_once()
#2 C:\xampp\htdocs\myweddingv2\system\Autoloader\Autoloader.php(296): CodeIgniter\Autoloader\Autoloader->requireFile('C:\\xampp\\htdocs...')
#3 C:\xampp\htdocs\myweddingv2\system\Autoloader\Autoloader.php(258): CodeIgniter\Autoloader\Autoloader->loadInNamespace('CodeIgniter\\Rou...')
#4 C:\xampp\htdocs\myweddingv2\system\Config\Services.php(684): CodeIgniter\Autoloader\Autoloader->loadClass('CodeIgniter\\Rou...')
#5 C:\xampp\htdocs\myweddingv2\system\Config\BaseService.php(123): CodeIgniter\Config\Services::routes(false)
#6 C:\xampp\htdocs\myweddingv2\system\Config\Services.php(681): CodeIgniter\Config\BaseService::getSharedInstance('routes')
#7 C:\xampp\htdocs\myweddingv2\app\Config\Routes.php(4): CodeIgniter\Config\Services::routes(true)
#8 C:\xampp\htdocs\myweddingv2\system\CodeIgniter.php(772): require('C:\\xampp\\htdocs...')
#9 C:\xampp\htdocs\myweddingv2\system\CodeIgniter.php(358): CodeIgniter\CodeIgniter->tryToRouteIt(NULL)
#10 C:\xampp\htdocs\myweddingv2\system\CodeIgniter.php(306): CodeIgniter\CodeIgniter->handleRequest(NULL, Object(Config\Cache), false)
#11 C:\xampp\htdocs\myweddingv2\system\CLI\Console.php(86): CodeIgniter\CodeIgniter->run()
#12 C:\xampp\htdocs\myweddingv2\spark(57): CodeIgniter\CLI\Console->run()
#13 {main}
INFO - 2024-05-01 02:59:10 --> Controller "CodeIgniter\CLI\CommandRunner" loaded.
INFO - 2024-05-01 03:00:47 --> Controller "CodeIgniter\CLI\CommandRunner" loaded.
INFO - 2024-05-01 03:03:05 --> Controller "CodeIgniter\CLI\CommandRunner" loaded.
INFO - 2024-05-01 03:05:55 --> Controller "CodeIgniter\CLI\CommandRunner" loaded.
CRITICAL - 2024-05-01 03:07:35 --> Required parameter $from follows optional parameter $verbs
#0 C:\xampp\htdocs\myweddingv2\system\Autoloader\Autoloader.php(365): CodeIgniter\Debug\Exceptions->errorHandler(8192, 'Required parame...', 'C:\\xampp\\htdocs...', 1018)
#1 C:\xampp\htdocs\myweddingv2\system\Autoloader\Autoloader.php(365): require_once()
#2 C:\xampp\htdocs\myweddingv2\system\Autoloader\Autoloader.php(296): CodeIgniter\Autoloader\Autoloader->requireFile('C:\\xampp\\htdocs...')
#3 C:\xampp\htdocs\myweddingv2\system\Autoloader\Autoloader.php(258): CodeIgniter\Autoloader\Autoloader->loadInNamespace('CodeIgniter\\Rou...')
#4 C:\xampp\htdocs\myweddingv2\system\Config\Services.php(684): CodeIgniter\Autoloader\Autoloader->loadClass('CodeIgniter\\Rou...')
#5 C:\xampp\htdocs\myweddingv2\system\Config\BaseService.php(123): CodeIgniter\Config\Services::routes(false)
#6 C:\xampp\htdocs\myweddingv2\system\Config\Services.php(681): CodeIgniter\Config\BaseService::getSharedInstance('routes')
#7 C:\xampp\htdocs\myweddingv2\app\Config\Routes.php(4): CodeIgniter\Config\Services::routes(true)
#8 C:\xampp\htdocs\myweddingv2\system\CodeIgniter.php(772): require('C:\\xampp\\htdocs...')
#9 C:\xampp\htdocs\myweddingv2\system\CodeIgniter.php(358): CodeIgniter\CodeIgniter->tryToRouteIt(NULL)
#10 C:\xampp\htdocs\myweddingv2\system\CodeIgniter.php(306): CodeIgniter\CodeIgniter->handleRequest(NULL, Object(Config\Cache), false)
#11 C:\xampp\htdocs\myweddingv2\system\CLI\Console.php(86): CodeIgniter\CodeIgniter->run()
#12 C:\xampp\htdocs\myweddingv2\spark(57): CodeIgniter\CLI\Console->run()
#13 {main}
INFO - 2024-05-01 03:08:27 --> Controller "CodeIgniter\CLI\CommandRunner" loaded.
CRITICAL - 2024-05-01 03:16:34 --> Required parameter $from follows optional parameter $verbs
#0 C:\xampp\htdocs\myweddingv2\system\Autoloader\Autoloader.php(365): CodeIgniter\Debug\Exceptions->errorHandler(8192, 'Required parame...', 'C:\\xampp\\htdocs...', 1018)
#1 C:\xampp\htdocs\myweddingv2\system\Autoloader\Autoloader.php(365): require_once()
#2 C:\xampp\htdocs\myweddingv2\system\Autoloader\Autoloader.php(296): CodeIgniter\Autoloader\Autoloader->requireFile('C:\\xampp\\htdocs...')
#3 C:\xampp\htdocs\myweddingv2\system\Autoloader\Autoloader.php(258): CodeIgniter\Autoloader\Autoloader->loadInNamespace('CodeIgniter\\Rou...')
#4 C:\xampp\htdocs\myweddingv2\system\Config\Services.php(684): CodeIgniter\Autoloader\Autoloader->loadClass('CodeIgniter\\Rou...')
#5 C:\xampp\htdocs\myweddingv2\system\Config\BaseService.php(123): CodeIgniter\Config\Services::routes(false)
#6 C:\xampp\htdocs\myweddingv2\system\Config\Services.php(681): CodeIgniter\Config\BaseService::getSharedInstance('routes')
#7 C:\xampp\htdocs\myweddingv2\app\Config\Routes.php(4): CodeIgniter\Config\Services::routes(true)
#8 C:\xampp\htdocs\myweddingv2\system\CodeIgniter.php(772): require('C:\\xampp\\htdocs...')
#9 C:\xampp\htdocs\myweddingv2\system\CodeIgniter.php(358): CodeIgniter\CodeIgniter->tryToRouteIt(NULL)
#10 C:\xampp\htdocs\myweddingv2\system\CodeIgniter.php(306): CodeIgniter\CodeIgniter->handleRequest(NULL, Object(Config\Cache), false)
#11 C:\xampp\htdocs\myweddingv2\system\CLI\Console.php(86): CodeIgniter\CodeIgniter->run()
#12 C:\xampp\htdocs\myweddingv2\spark(57): CodeIgniter\CLI\Console->run()
#13 {main}
INFO - 2024-05-01 03:17:17 --> Controller "CodeIgniter\CLI\CommandRunner" loaded.
INFO - 2024-05-01 03:30:16 --> Controller "CodeIgniter\CLI\CommandRunner" loaded.
INFO - 2024-05-01 03:30:38 --> Controller "CodeIgniter\CLI\CommandRunner" loaded.
INFO - 2024-05-01 03:31:26 --> Controller "CodeIgniter\CLI\CommandRunner" loaded.
CRITICAL - 2024-05-01 03:32:29 --> Required parameter $from follows optional parameter $verbs
#0 C:\xampp\htdocs\myweddingv2\system\Autoloader\Autoloader.php(365): CodeIgniter\Debug\Exceptions->errorHandler(8192, 'Required parame...', 'C:\\xampp\\htdocs...', 1018)
#1 C:\xampp\htdocs\myweddingv2\system\Autoloader\Autoloader.php(365): require_once()
#2 C:\xampp\htdocs\myweddingv2\system\Autoloader\Autoloader.php(296): CodeIgniter\Autoloader\Autoloader->requireFile('C:\\xampp\\htdocs...')
#3 C:\xampp\htdocs\myweddingv2\system\Autoloader\Autoloader.php(258): CodeIgniter\Autoloader\Autoloader->loadInNamespace('CodeIgniter\\Rou...')
#4 C:\xampp\htdocs\myweddingv2\system\Config\Services.php(684): CodeIgniter\Autoloader\Autoloader->loadClass('CodeIgniter\\Rou...')
#5 C:\xampp\htdocs\myweddingv2\system\Config\BaseService.php(123): CodeIgniter\Config\Services::routes(false)
#6 C:\xampp\htdocs\myweddingv2\system\Config\Services.php(681): CodeIgniter\Config\BaseService::getSharedInstance('routes')
#7 C:\xampp\htdocs\myweddingv2\app\Config\Routes.php(4): CodeIgniter\Config\Services::routes(true)
#8 C:\xampp\htdocs\myweddingv2\system\CodeIgniter.php(772): require('C:\\xampp\\htdocs...')
#9 C:\xampp\htdocs\myweddingv2\system\CodeIgniter.php(358): CodeIgniter\CodeIgniter->tryToRouteIt(NULL)
#10 C:\xampp\htdocs\myweddingv2\system\CodeIgniter.php(306): CodeIgniter\CodeIgniter->handleRequest(NULL, Object(Config\Cache), false)
#11 C:\xampp\htdocs\myweddingv2\system\CLI\Console.php(86): CodeIgniter\CodeIgniter->run()
#12 C:\xampp\htdocs\myweddingv2\spark(57): CodeIgniter\CLI\Console->run()
#13 {main}
INFO - 2024-05-01 03:34:01 --> Controller "CodeIgniter\CLI\CommandRunner" loaded.
CRITICAL - 2024-05-01 03:37:54 --> Required parameter $from follows optional parameter $verbs
#0 C:\xampp\htdocs\myweddingv2\system\Autoloader\Autoloader.php(365): CodeIgniter\Debug\Exceptions->errorHandler(8192, 'Required parame...', 'C:\\xampp\\htdocs...', 1018)
#1 C:\xampp\htdocs\myweddingv2\system\Autoloader\Autoloader.php(365): require_once()
#2 C:\xampp\htdocs\myweddingv2\system\Autoloader\Autoloader.php(296): CodeIgniter\Autoloader\Autoloader->requireFile('C:\\xampp\\htdocs...')
#3 C:\xampp\htdocs\myweddingv2\system\Autoloader\Autoloader.php(258): CodeIgniter\Autoloader\Autoloader->loadInNamespace('CodeIgniter\\Rou...')
#4 C:\xampp\htdocs\myweddingv2\system\Config\Services.php(684): CodeIgniter\Autoloader\Autoloader->loadClass('CodeIgniter\\Rou...')
#5 C:\xampp\htdocs\myweddingv2\system\Config\BaseService.php(123): CodeIgniter\Config\Services::routes(false)
#6 C:\xampp\htdocs\myweddingv2\system\Config\Services.php(681): CodeIgniter\Config\BaseService::getSharedInstance('routes')
#7 C:\xampp\htdocs\myweddingv2\app\Config\Routes.php(4): CodeIgniter\Config\Services::routes(true)
#8 C:\xampp\htdocs\myweddingv2\system\CodeIgniter.php(772): require('C:\\xampp\\htdocs...')
#9 C:\xampp\htdocs\myweddingv2\system\CodeIgniter.php(358): CodeIgniter\CodeIgniter->tryToRouteIt(NULL)
#10 C:\xampp\htdocs\myweddingv2\system\CodeIgniter.php(306): CodeIgniter\CodeIgniter->handleRequest(NULL, Object(Config\Cache), false)
#11 C:\xampp\htdocs\myweddingv2\system\CLI\Console.php(86): CodeIgniter\CodeIgniter->run()
#12 C:\xampp\htdocs\myweddingv2\spark(57): CodeIgniter\CLI\Console->run()
#13 {main}
INFO - 2024-05-01 03:38:07 --> Controller "CodeIgniter\CLI\CommandRunner" loaded.
